 
================ 19-Jul-2026 20:51:59.45 ================ 
C:\Users\hp\miniconda3\envs\tfdml\lib\site-packages\pandas_ta\__init__.py:7: UserWarning: pkg_resources is deprecated as an API. See https://setuptools.pypa.io/en/latest/pkg_resources.html. The pkg_resources package is slated for removal as early as 2025-11-30. Refrain from using this package or pin to Setuptools<81.
  from pkg_resources import get_distribution, DistributionNotFound
==============================================================
  ZAR X — MORNING BRIEF   2026-07-19 20:52   [4h]
==============================================================

──────────────────────────────────────────────────────────────
  BTC-USD
──────────────────────────────────────────────────────────────
  Price     : $64,562.60  (+0.69% vs ~24h ago)
  Trend     : UP (price above EMA-50 and EMA-200)
  Momentum  : RSI 56 — neutral
  Volatility: ATR $497.56 (0.77% of price)
  Weather   : Ranging  [entropy 1.952 | ADX 23.3]
  Example   : long $1,000 acct → SL $63,816.26 · TP $65,557.72 · size $250 · risk $2.89

──────────────────────────────────────────────────────────────
  ETH-USD
──────────────────────────────────────────────────────────────
  Price     : $1,871.60  (+1.49% vs ~24h ago)
  Trend     : UP (price above EMA-50 and EMA-200)
  Momentum  : RSI 58 — neutral
  Volatility: ATR $20.10 (1.07% of price)
  Weather   : Chaotic  [entropy 1.982 | ADX 17.0]
  Example   : long $1,000 acct → SL $1,841.44 · TP $1,911.81 · size $250 · risk $4.03

──────────────────────────────────────────────────────────────
  SOL-USD
──────────────────────────────────────────────────────────────
  Price     : $76.29  (+1.76% vs ~24h ago)
  Trend     : MIXED (between EMA-50 and EMA-200)
  Momentum  : RSI 55 — neutral
  Volatility: ATR $0.86 (1.13% of price)
  Weather   : Chaotic  [entropy 1.981 | ADX 15.4]
  Example   : long $1,000 acct → SL $75.00 · TP $78.01 · size $250 · risk $4.23

==============================================================
  3/3 instruments reporting. Facts, not advice — the pilot decides.
==============================================================
C:\Users\hp\miniconda3\envs\tfdml\lib\site-packages\pandas_ta\__init__.py:7: UserWarning: pkg_resources is deprecated as an API. See https://setuptools.pypa.io/en/latest/pkg_resources.html. The pkg_resources package is slated for removal as early as 2025-11-30. Refrain from using this package or pin to Setuptools<81.
  from pkg_resources import get_distribution, DistributionNotFound
📓 BTC-USD: recorded — $64,562.60, UP, Ranging
📓 ETH-USD: recorded — $1,871.60, UP, Chaotic
📓 SOL-USD: recorded — $76.29, MIXED, Chaotic

🗃️ 3 row(s) appended to snapshots.csv
 
================ 19-Jul-2026 20:52:41.88 ================ 
C:\Users\hp\miniconda3\envs\tfdml\lib\site-packages\pandas_ta\__init__.py:7: UserWarning: pkg_resources is deprecated as an API. See https://setuptools.pypa.io/en/latest/pkg_resources.html. The pkg_resources package is slated for removal as early as 2025-11-30. Refrain from using this package or pin to Setuptools<81.
  from pkg_resources import get_distribution, DistributionNotFound
==============================================================
  ZAR X — MORNING BRIEF   2026-07-19 20:52   [4h]
==============================================================

──────────────────────────────────────────────────────────────
  BTC-USD
──────────────────────────────────────────────────────────────
  Price     : $64,545.97  (+0.66% vs ~24h ago)
  Trend     : UP (price above EMA-50 and EMA-200)
  Momentum  : RSI 55 — neutral
  Volatility: ATR $497.56 (0.77% of price)
  Weather   : Ranging  [entropy 1.952 | ADX 23.3]
  Example   : long $1,000 acct → SL $63,799.63 · TP $65,541.09 · size $250 · risk $2.89

──────────────────────────────────────────────────────────────
  ETH-USD
──────────────────────────────────────────────────────────────
  Price     : $1,870.50  (+1.43% vs ~24h ago)
  Trend     : UP (price above EMA-50 and EMA-200)
  Momentum  : RSI 57 — neutral
  Volatility: ATR $20.10 (1.07% of price)
  Weather   : Chaotic  [entropy 1.982 | ADX 17.0]
  Example   : long $1,000 acct → SL $1,840.34 · TP $1,910.71 · size $250 · risk $4.03

──────────────────────────────────────────────────────────────
  SOL-USD
──────────────────────────────────────────────────────────────
⏳ Rate limit (429) for SOL-USD. Waiting 65s, retry 1...
  Price     : $76.21  (+1.65% vs ~24h ago)
  Trend     : MIXED (between EMA-50 and EMA-200)
  Momentum  : RSI 54 — neutral
  Volatility: ATR $0.86 (1.13% of price)
  Weather   : Chaotic  [entropy 1.981 | ADX 15.4]
  Example   : long $1,000 acct → SL $74.92 · TP $77.93 · size $250 · risk $4.23

==============================================================
  3/3 instruments reporting. Facts, not advice — the pilot decides.
==============================================================
C:\Users\hp\miniconda3\envs\tfdml\lib\site-packages\pandas_ta\__init__.py:7: UserWarning: pkg_resources is deprecated as an API. See https://setuptools.pypa.io/en/latest/pkg_resources.html. The pkg_resources package is slated for removal as early as 2025-11-30. Refrain from using this package or pin to Setuptools<81.
  from pkg_resources import get_distribution, DistributionNotFound
📓 BTC-USD: recorded — $64,554.65, UP, Ranging
📓 ETH-USD: recorded — $1,870.94, UP, Chaotic
📓 SOL-USD: recorded — $76.21, MIXED, Chaotic

🗃️ 3 row(s) appended to snapshots.csv
 
---- evening snapshot 19-Jul-2026 21:09:58.62 ---- 
C:\Users\hp\miniconda3\envs\tfdml\lib\site-packages\pandas_ta\__init__.py:7: UserWarning: pkg_resources is deprecated as an API. See https://setuptools.pypa.io/en/latest/pkg_resources.html. The pkg_resources package is slated for removal as early as 2025-11-30. Refrain from using this package or pin to Setuptools<81.
  from pkg_resources import get_distribution, DistributionNotFound
📓 BTC-USD: recorded — $64,522.53, UP, Ranging
📓 ETH-USD: recorded — $1,869.44, UP, Chaotic
📓 SOL-USD: recorded — $76.05, MIXED, Chaotic

🗃️ 3 row(s) appended to snapshots.csv
 
---- evening snapshot 19-Jul-2026 23:53:37.28 ---- 
C:\Users\hp\miniconda3\envs\tfdml\lib\site-packages\pandas_ta\__init__.py:7: UserWarning: pkg_resources is deprecated as an API. See https://setuptools.pypa.io/en/latest/pkg_resources.html. The pkg_resources package is slated for removal as early as 2025-11-30. Refrain from using this package or pin to Setuptools<81.
  from pkg_resources import get_distribution, DistributionNotFound
📓 BTC-USD: recorded — $64,403.99, UP, Ranging
📓 ETH-USD: recorded — $1,859.64, UP, Chaotic
📓 SOL-USD: recorded — $75.68, MIXED, Chaotic

🗃️ 3 row(s) appended to snapshots.csv
 
---- evening snapshot 20-Jul-2026  1:32:31.04 ---- 
C:\Users\hp\miniconda3\envs\tfdml\lib\site-packages\pandas_ta\__init__.py:7: UserWarning: pkg_resources is deprecated as an API. See https://setuptools.pypa.io/en/latest/pkg_resources.html. The pkg_resources package is slated for removal as early as 2025-11-30. Refrain from using this package or pin to Setuptools<81.
  from pkg_resources import get_distribution, DistributionNotFound
📓 BTC-USD: recorded — $64,501.99, UP, Ranging
📓 ETH-USD: recorded — $1,864.51, UP, Chaotic
📓 SOL-USD: recorded — $75.96, MIXED, Chaotic

🗃️ 3 row(s) appended to snapshots.csv
 
---- evening snapshot 20-Jul-2026 11:32:45.34 ---- 
C:\Users\hp\miniconda3\envs\tfdml\lib\site-packages\pandas_ta\__init__.py:7: UserWarning: pkg_resources is deprecated as an API. See https://setuptools.pypa.io/en/latest/pkg_resources.html. The pkg_resources package is slated for removal as early as 2025-11-30. Refrain from using this package or pin to Setuptools<81.
  from pkg_resources import get_distribution, DistributionNotFound
📓 BTC-USD: recorded — $64,146.01, UP, Ranging
📓 ETH-USD: recorded — $1,856.74, UP, Chaotic
📓 SOL-USD: recorded — $75.98, MIXED, Chaotic

🗃️ 3 row(s) appended to snapshots.csv
 
---- evening snapshot 20-Jul-2026 13:05:02.79 ---- 
C:\Users\hp\miniconda3\envs\tfdml\lib\site-packages\pandas_ta\__init__.py:7: UserWarning: pkg_resources is deprecated as an API. See https://setuptools.pypa.io/en/latest/pkg_resources.html. The pkg_resources package is slated for removal as early as 2025-11-30. Refrain from using this package or pin to Setuptools<81.
  from pkg_resources import get_distribution, DistributionNotFound
📓 BTC-USD: recorded — $64,338.99, UP, Ranging
📓 ETH-USD: recorded — $1,866.33, UP, Chaotic
📓 SOL-USD: recorded — $76.23, MIXED, Chaotic

🗃️ 3 row(s) appended to snapshots.csv
 
---- evening snapshot 20-Jul-2026 17:05:01.55 ---- 
C:\Users\hp\miniconda3\envs\tfdml\lib\site-packages\pandas_ta\__init__.py:7: UserWarning: pkg_resources is deprecated as an API. See https://setuptools.pypa.io/en/latest/pkg_resources.html. The pkg_resources package is slated for removal as early as 2025-11-30. Refrain from using this package or pin to Setuptools<81.
  from pkg_resources import get_distribution, DistributionNotFound
📓 BTC-USD: recorded — $64,726.00, UP, Ranging
📓 ETH-USD: recorded — $1,879.94, UP, Chaotic
📓 SOL-USD: recorded — $76.83, UP, Chaotic

🗃️ 3 row(s) appended to snapshots.csv
 
---- evening snapshot 21-Jul-2026 11:13:55.54 ---- 
C:\Users\hp\miniconda3\envs\tfdml\lib\site-packages\pandas_ta\__init__.py:7: UserWarning: pkg_resources is deprecated as an API. See https://setuptools.pypa.io/en/latest/pkg_resources.html. The pkg_resources package is slated for removal as early as 2025-11-30. Refrain from using this package or pin to Setuptools<81.
  from pkg_resources import get_distribution, DistributionNotFound
📓 BTC-USD: recorded — $65,722.01, UP, Ranging
📓 ETH-USD: recorded — $1,931.97, UP, Chaotic
📓 SOL-USD: recorded — $78.46, UP, Chaotic

🗃️ 3 row(s) appended to snapshots.csv
 
---- evening snapshot 21-Jul-2026 13:05:03.33 ---- 
C:\Users\hp\miniconda3\envs\tfdml\lib\site-packages\pandas_ta\__init__.py:7: UserWarning: pkg_resources is deprecated as an API. See https://setuptools.pypa.io/en/latest/pkg_resources.html. The pkg_resources package is slated for removal as early as 2025-11-30. Refrain from using this package or pin to Setuptools<81.
  from pkg_resources import get_distribution, DistributionNotFound
📓 BTC-USD: recorded — $66,236.00, UP, Ranging
📓 ETH-USD: recorded — $1,935.11, UP, Ranging
📓 SOL-USD: recorded — $78.52, UP, Chaotic

🗃️ 3 row(s) appended to snapshots.csv
